0 info it worked if it ends with ok
1 verbose cli [ 'node', '/usr/local/bin/npm', 'publish' ]
2 info using npm@2.12.1
3 info using node@v0.12.6
4 verbose node symlink /usr/local/bin/node
5 verbose publish [ '.' ]
6 silly cache add args [ '.', null ]
7 verbose cache add spec .
8 silly cache add parsed spec { raw: '.',
8 silly cache add   scope: null,
8 silly cache add   name: null,
8 silly cache add   rawSpec: '.',
8 silly cache add   spec: '/Users/tehsis/workspace/charata',
8 silly cache add   type: 'directory' }
9 verbose addLocalDirectory /Users/tehsis/.npm/charata/0.2.0/package.tgz not in flight; packing
10 verbose tar pack [ '/Users/tehsis/.npm/charata/0.2.0/package.tgz',
10 verbose tar pack   '/Users/tehsis/workspace/charata' ]
11 verbose tarball /Users/tehsis/.npm/charata/0.2.0/package.tgz
12 verbose folder /Users/tehsis/workspace/charata
13 info prepublish charata@0.2.0
14 verbose unsafe-perm in lifecycle true
15 verbose addLocalTarball adding from inside cache /Users/tehsis/.npm/charata/0.2.0/package.tgz
16 silly cache afterAdd charata@0.2.0
17 verbose afterAdd /Users/tehsis/.npm/charata/0.2.0/package/package.json not in flight; writing
18 verbose afterAdd /Users/tehsis/.npm/charata/0.2.0/package/package.json written
19 silly publish { name: 'charata',
19 silly publish   version: '0.2.0',
19 silly publish   description: 'Incremental DOM for human beings',
19 silly publish   main: 'lib/index.js',
19 silly publish   directories: { example: 'examples' },
19 silly publish   scripts: { prepublish: 'make build', test: 'make test' },
19 silly publish   author: { name: 'tehsis@gmail.com' },
19 silly publish   license: 'MIT',
19 silly publish   repository:
19 silly publish    { type: 'git',
19 silly publish      url: 'git+ssh://git@github.com/auth0/charata.git' },
19 silly publish   dependencies: { 'incremental-dom': '^0.1.0' },
19 silly publish   devDependencies: { babel: '^5.8.20', browserify: '^11.0.1', mochify: '^2.12.0' },
19 silly publish   readme: '# Charata [![Build Status](https://travis-ci.org/tehsis/charata.svg?branch=master)](https://travis-ci.org/tehsis/charata)\n\nCharata allows using incremental DOM in a easier way.\n\n## Install\n\n```sh\nnpm i --save charata\n```\n\n## Usage\n\nCharata makes use of [Google\'s Incremental DOM](https://github.com/google/incremental-dom) providing a simple to use\nlibrarie to create and render custom DOM components.\n\nit exports a function to create and append DOM elements following a hirearchaly way.\n\n```js\n  el(<tag>, [<text>|<el>|<elArray]>, <key>, <attributes>);\n```\n\n```js\n  import {el} from \'charata\';\n\n  let myList = el(\'ul\', [\n    el(\'li\', \'one\'),\n    el(\'li\', \'two\'),\n    el(\'li\', \'three\')\n  ], null, [\'class\', \'my-list\']);\n\n  myList.renderTo(document.body);\n```\n\nthis will render into your DOM (under `document.body` in this case)\n\n```\n<ul class="my-list">\n  <li>one</li>\n  <li>two</li>\n  <li>three</li>\n</ul>\n```\n\nYour DOM is patched using Incremental DOM, that means that you can create complex components and re-rendered them with a little hit on your performance.\nFor a more complex example, take a look at tehsis/incremental-todo\n\n## Extra helpers\n\nBesides the main `el` function, you can import helpers for most common HTML elements\nThe previous example could be rewritten as follows:\n\n```js\nimport {ul, li} from \'charata\';\n\nlet myList = ul([\n  li(\'one\').\n  li(\'two\'),\n  li(\'three\')\n], null, [\'class\', \'my-list\']);\n\nmyList.renderTo(document.body);\n```\n\n## More information on Incremental DOM\n  * [Incremental DOM](\'https://github.com/google/incremental-dom\')\n  * https://medium.com/google-developers/introducing-incremental-dom-e98f79ce2c5f \n',
19 silly publish   readmeFilename: 'README.md',
19 silly publish   bugs: { url: 'https://github.com/auth0/charata/issues' },
19 silly publish   homepage: 'https://github.com/auth0/charata#readme',
19 silly publish   _id: 'charata@0.2.0',
19 silly publish   _shasum: '7ca3937ca4b15158ecd6469d6ee84e07e6cf081c',
19 silly publish   _from: '.' }
20 verbose getPublishConfig undefined
21 silly mapToRegistry name charata
22 silly mapToRegistry using default registry
23 silly mapToRegistry registry https://registry.npmjs.org/
24 silly mapToRegistry uri https://registry.npmjs.org/charata
25 verbose publish registryBase https://registry.npmjs.org/
26 silly publish uploading /Users/tehsis/.npm/charata/0.2.0/package.tgz
27 verbose request uri https://registry.npmjs.org/charata
28 verbose request sending authorization for write operation
29 info attempt registry request try #1 at 20:49:41
30 verbose request using bearer token for auth
31 verbose request id 023755de3518fcc3
32 http request PUT https://registry.npmjs.org/charata
33 http 403 https://registry.npmjs.org/charata
34 verbose headers { 'content-type': 'application/json',
34 verbose headers   'cache-control': 'max-age=60',
34 verbose headers   'content-length': '95',
34 verbose headers   'accept-ranges': 'bytes',
34 verbose headers   date: 'Sat, 29 Aug 2015 23:49:42 GMT',
34 verbose headers   via: '1.1 varnish',
34 verbose headers   connection: 'keep-alive',
34 verbose headers   'x-served-by': 'cache-iad2144-IAD',
34 verbose headers   'x-cache': 'MISS',
34 verbose headers   'x-cache-hits': '0',
34 verbose headers   'x-timer': 'S1440892181.645066,VS0,VE436' }
35 verbose request invalidating /Users/tehsis/.npm/registry.npmjs.org/charata on PUT
36 error publish Failed PUT 403
37 verbose stack Error: "You cannot publish over the previously published version 0.2.0." : charata
37 verbose stack     at CachingRegistryClient.<anonymous> (/usr/local/lib/node_modules/npm/node_modules/npm-registry-client/lib/request.js:247:14)
37 verbose stack     at Request._callback (/usr/local/lib/node_modules/npm/node_modules/npm-registry-client/lib/request.js:170:14)
37 verbose stack     at Request.self.callback (/usr/local/lib/node_modules/npm/node_modules/request/request.js:197:22)
37 verbose stack     at Request.emit (events.js:110:17)
37 verbose stack     at Request.<anonymous> (/usr/local/lib/node_modules/npm/node_modules/request/request.js:1050:14)
37 verbose stack     at Request.emit (events.js:129:20)
37 verbose stack     at IncomingMessage.<anonymous> (/usr/local/lib/node_modules/npm/node_modules/request/request.js:996:12)
37 verbose stack     at IncomingMessage.emit (events.js:129:20)
37 verbose stack     at _stream_readable.js:908:16
37 verbose stack     at process._tickCallback (node.js:355:11)
38 verbose statusCode 403
39 verbose pkgid charata
40 verbose cwd /Users/tehsis/workspace/charata
41 error Darwin 14.5.0
42 error argv "node" "/usr/local/bin/npm" "publish"
43 error node v0.12.6
44 error npm  v2.12.1
45 error code E403
46 error "You cannot publish over the previously published version 0.2.0." : charata
47 error If you need help, you may report this error at:
47 error     <https://github.com/npm/npm/issues>
48 verbose exit [ 1, true ]
